<?xml version="1.0" encoding="UTF-8"?>
<testsuite name="chap01.StringTest" tests="1" skipped="0" failures="0" errors="0" timestamp="2024-09-06T04:55:27" hostname="YEOJIN" time="0.014">
  <properties/>
  <testcase name="substring()" classname="chap01.StringTest" time="0.014"/>
  <system-out><![CDATA[]]></system-out>
  <system-err><![CDATA[]]></system-err>
</testsuite>
